d:\study materials\upenn\spring 2026\cis 6600\hw3-maya python and swig\hw3_basecode_vs2022\lsystem\x64\release\vc143.pdb
d:\study materials\upenn\spring 2026\cis 6600\hw3-maya python and swig\hw3_basecode_vs2022\lsystem\x64\release\vec.obj
d:\study materials\upenn\spring 2026\cis 6600\hw3-maya python and swig\hw3_basecode_vs2022\lsystem\x64\release\lsystem_wrap.obj
d:\study materials\upenn\spring 2026\cis 6600\hw3-maya python and swig\hw3_basecode_vs2022\lsystem\x64\release\lsystem.obj
d:\study materials\upenn\spring 2026\cis 6600\hw3-maya python and swig\hw3_basecode_vs2022\lsystem_wrap.cpp
d:\study materials\upenn\spring 2026\cis 6600\hw3-maya python and swig\hw3_basecode_vs2022\bin\lsystem.py
d:\study materials\upenn\spring 2026\cis 6600\hw3-maya python and swig\hw3_basecode_vs2022\bin\_lsystem.pyd
d:\study materials\upenn\spring 2026\cis 6600\hw3-maya python and swig\hw3_basecode_vs2022\bin\_lsystem.pdb
d:\study materials\upenn\spring 2026\cis 6600\hw3-maya python and swig\hw3_basecode_vs2022\bin\_lsystem.lib
d:\study materials\upenn\spring 2026\cis 6600\hw3-maya python and swig\hw3_basecode_vs2022\bin\_lsystem.exp
d:\study materials\upenn\spring 2026\cis 6600\hw3-maya python and swig\hw3_basecode_vs2022\\bin\_lsystem.pdb
d:\study materials\upenn\spring 2026\cis 6600\hw3-maya python and swig\hw3_basecode_vs2022\lsystem\x64\release\lsystem.tlog\cl.command.1.tlog
d:\study materials\upenn\spring 2026\cis 6600\hw3-maya python and swig\hw3_basecode_vs2022\lsystem\x64\release\lsystem.tlog\cl.items.tlog
d:\study materials\upenn\spring 2026\cis 6600\hw3-maya python and swig\hw3_basecode_vs2022\lsystem\x64\release\lsystem.tlog\cl.read.1.tlog
d:\study materials\upenn\spring 2026\cis 6600\hw3-maya python and swig\hw3_basecode_vs2022\lsystem\x64\release\lsystem.tlog\cl.write.1.tlog
d:\study materials\upenn\spring 2026\cis 6600\hw3-maya python and swig\hw3_basecode_vs2022\lsystem\x64\release\lsystem.tlog\custombuild.command.1.tlog
d:\study materials\upenn\spring 2026\cis 6600\hw3-maya python and swig\hw3_basecode_vs2022\lsystem\x64\release\lsystem.tlog\custombuild.read.1.tlog
d:\study materials\upenn\spring 2026\cis 6600\hw3-maya python and swig\hw3_basecode_vs2022\lsystem\x64\release\lsystem.tlog\custombuild.write.1.tlog
d:\study materials\upenn\spring 2026\cis 6600\hw3-maya python and swig\hw3_basecode_vs2022\lsystem\x64\release\lsystem.tlog\link.command.1.tlog
d:\study materials\upenn\spring 2026\cis 6600\hw3-maya python and swig\hw3_basecode_vs2022\lsystem\x64\release\lsystem.tlog\link.read.1.tlog
d:\study materials\upenn\spring 2026\cis 6600\hw3-maya python and swig\hw3_basecode_vs2022\lsystem\x64\release\lsystem.tlog\link.secondary.1.tlog
d:\study materials\upenn\spring 2026\cis 6600\hw3-maya python and swig\hw3_basecode_vs2022\lsystem\x64\release\lsystem.tlog\link.write.1.tlog
