d:\windocs\upenn\courses\cis660\2024\homeworks\hw3\hw3_basecode_vs2022\x64\release\vc143.pdb
d:\windocs\upenn\courses\cis660\2024\homeworks\hw3\hw3_basecode_vs2022\x64\release\vec.obj
d:\windocs\upenn\courses\cis660\2024\homeworks\hw3\hw3_basecode_vs2022\x64\release\lsystem_wrap.obj
d:\windocs\upenn\courses\cis660\2024\homeworks\hw3\hw3_basecode_vs2022\x64\release\lsystem.obj
d:\windocs\upenn\courses\cis660\2024\homeworks\hw3\hw3_basecode_vs2022\lsystem_wrap.cpp
d:\windocs\upenn\courses\cis660\2024\homeworks\hw3\hw3_basecode_vs2022\bin\lsystem.py
d:\windocs\upenn\courses\cis660\2024\homeworks\hw3\hw3_basecode_vs2022\bin\_lsystem.pyd
d:\windocs\upenn\courses\cis660\2024\homeworks\hw3\hw3_basecode_vs2022\bin\_lsystem.pdb
d:\windocs\upenn\courses\cis660\2024\homeworks\hw3\hw3_basecode_vs2022\bin\_lsystem.lib
d:\windocs\upenn\courses\cis660\2024\homeworks\hw3\hw3_basecode_vs2022\bin\_lsystem.exp
d:\windocs\upenn\courses\cis660\2024\homeworks\hw3\hw3_basecode_vs2022\\bin\_lsystem.pdb
d:\windocs\upenn\courses\cis660\2024\homeworks\hw3\hw3_basecode_vs2022\x64\release\lsystem.tlog\cl.command.1.tlog
d:\windocs\upenn\courses\cis660\2024\homeworks\hw3\hw3_basecode_vs2022\x64\release\lsystem.tlog\cl.items.tlog
d:\windocs\upenn\courses\cis660\2024\homeworks\hw3\hw3_basecode_vs2022\x64\release\lsystem.tlog\cl.read.1.tlog
d:\windocs\upenn\courses\cis660\2024\homeworks\hw3\hw3_basecode_vs2022\x64\release\lsystem.tlog\cl.write.1.tlog
d:\windocs\upenn\courses\cis660\2024\homeworks\hw3\hw3_basecode_vs2022\x64\release\lsystem.tlog\custombuild.command.1.tlog
d:\windocs\upenn\courses\cis660\2024\homeworks\hw3\hw3_basecode_vs2022\x64\release\lsystem.tlog\custombuild.read.1.tlog
d:\windocs\upenn\courses\cis660\2024\homeworks\hw3\hw3_basecode_vs2022\x64\release\lsystem.tlog\custombuild.write.1.tlog
d:\windocs\upenn\courses\cis660\2024\homeworks\hw3\hw3_basecode_vs2022\x64\release\lsystem.tlog\link.command.1.tlog
d:\windocs\upenn\courses\cis660\2024\homeworks\hw3\hw3_basecode_vs2022\x64\release\lsystem.tlog\link.read.1.tlog
d:\windocs\upenn\courses\cis660\2024\homeworks\hw3\hw3_basecode_vs2022\x64\release\lsystem.tlog\link.write.1.tlog
d:\windocs\upenn\courses\cis660\2024\homeworks\hw3\hw3_basecode_vs2022\x64\release\lsystem.tlog\link.write.2u.tlog
